<?xml version="1.0" encoding="UTF-8"?>
<testsuite xmlns:xsi="http://www.w3.org/2001/XMLSchema-instance" xsi:noNamespaceSchemaLocation="https://maven.apache.org/surefire/maven-surefire-plugin/xsd/surefire-test-report.xsd" name="me.danielmoulton.CardGameTest" time="0.037" tests="7" errors="0" skipped="0" failures="0">
  <properties>
    <property name="java.specification.version" value="19"/>
    <property name="sun.jnu.encoding" value="UTF-8"/>
    <property name="java.class.path" value="/Users/danielmoulton/UniDocs/Year 2/Term 1/SoftwareDev/threadedcardsim/target/test-classes:/Users/danielmoulton/UniDocs/Year 2/Term 1/SoftwareDev/threadedcardsim/target/classes:/Users/danielmoulton/.m2/repository/junit/junit/4.11/junit-4.11.jar:/Users/danielmoulton/.m2/repository/org/hamcrest/hamcrest-core/1.3/hamcrest-core-1.3.jar:"/>
    <property name="java.vm.vendor" value="Homebrew"/>
    <property name="sun.arch.data.model" value="64"/>
    <property name="java.vendor.url" value="https://github.com/Homebrew/homebrew-core/issues"/>
    <property name="os.name" value="Mac OS X"/>
    <property name="java.vm.specification.version" value="19"/>
    <property name="sun.java.launcher" value="SUN_STANDARD"/>
    <property name="user.country" value="GB"/>
    <property name="sun.boot.library.path" value="/opt/homebrew/Cellar/openjdk/19.0.1/libexec/openjdk.jdk/Contents/Home/lib"/>
    <property name="sun.java.command" value="/Users/danielmoulton/UniDocs/Year 2/Term 1/SoftwareDev/threadedcardsim/target/surefire/surefirebooter11471328250520284773.jar /Users/danielmoulton/UniDocs/Year 2/Term 1/SoftwareDev/threadedcardsim/target/surefire 2022-11-21T11-08-40_581-jvmRun1 surefire9685639757989177566tmp surefire_09116255654768287418tmp"/>
    <property name="http.nonProxyHosts" value="local|*.local|169.254/16|*.169.254/16"/>
    <property name="jdk.debug" value="release"/>
    <property name="surefire.test.class.path" value="/Users/danielmoulton/UniDocs/Year 2/Term 1/SoftwareDev/threadedcardsim/target/test-classes:/Users/danielmoulton/UniDocs/Year 2/Term 1/SoftwareDev/threadedcardsim/target/classes:/Users/danielmoulton/.m2/repository/junit/junit/4.11/junit-4.11.jar:/Users/danielmoulton/.m2/repository/org/hamcrest/hamcrest-core/1.3/hamcrest-core-1.3.jar:"/>
    <property name="sun.cpu.endian" value="little"/>
    <property name="user.home" value="/Users/danielmoulton"/>
    <property name="user.language" value="en"/>
    <property name="java.specification.vendor" value="Oracle Corporation"/>
    <property name="java.version.date" value="2022-10-18"/>
    <property name="java.home" value="/opt/homebrew/Cellar/openjdk/19.0.1/libexec/openjdk.jdk/Contents/Home"/>
    <property name="file.separator" value="/"/>
    <property name="basedir" value="/Users/danielmoulton/UniDocs/Year 2/Term 1/SoftwareDev/threadedcardsim"/>
    <property name="java.vm.compressedOopsMode" value="Zero based"/>
    <property name="line.separator" value="&#10;"/>
    <property name="java.vm.specification.vendor" value="Oracle Corporation"/>
    <property name="java.specification.name" value="Java Platform API Specification"/>
    <property name="apple.awt.application.name" value="ForkedBooter"/>
    <property name="surefire.real.class.path" value="/Users/danielmoulton/UniDocs/Year 2/Term 1/SoftwareDev/threadedcardsim/target/surefire/surefirebooter11471328250520284773.jar"/>
    <property name="sun.management.compiler" value="HotSpot 64-Bit Tiered Compilers"/>
    <property name="ftp.nonProxyHosts" value="local|*.local|169.254/16|*.169.254/16"/>
    <property name="java.runtime.version" value="19.0.1"/>
    <property name="user.name" value="danielmoulton"/>
    <property name="stdout.encoding" value="UTF-8"/>
    <property name="path.separator" value=":"/>
    <property name="os.version" value="13.0"/>
    <property name="java.runtime.name" value="OpenJDK Runtime Environment"/>
    <property name="file.encoding" value="UTF-8"/>
    <property name="java.vm.name" value="OpenJDK 64-Bit Server VM"/>
    <property name="java.vendor.version" value="Homebrew"/>
    <property name="localRepository" value="/Users/danielmoulton/.m2/repository"/>
    <property name="java.vendor.url.bug" value="https://github.com/Homebrew/homebrew-core/issues"/>
    <property name="java.io.tmpdir" value="/var/folders/zc/0zl9v7y562zdw88vdjz4mx640000gn/T/"/>
    <property name="java.version" value="19.0.1"/>
    <property name="user.dir" value="/Users/danielmoulton/UniDocs/Year 2/Term 1/SoftwareDev/threadedcardsim"/>
    <property name="os.arch" value="aarch64"/>
    <property name="java.vm.specification.name" value="Java Virtual Machine Specification"/>
    <property name="native.encoding" value="UTF-8"/>
    <property name="java.library.path" value="/Users/danielmoulton/Library/Java/Extensions:/Library/Java/Extensions:/Network/Library/Java/Extensions:/System/Library/Java/Extensions:/usr/lib/java:."/>
    <property name="java.vm.info" value="mixed mode, sharing"/>
    <property name="stderr.encoding" value="UTF-8"/>
    <property name="java.vendor" value="Homebrew"/>
    <property name="java.vm.version" value="19.0.1"/>
    <property name="sun.io.unicode.encoding" value="UnicodeBig"/>
    <property name="socksNonProxyHosts" value="local|*.local|169.254/16|*.169.254/16"/>
    <property name="java.class.version" value="63.0"/>
  </properties>
  <testcase name="testIsValidPackFileInvalidNumberOfCards" classname="me.danielmoulton.CardGameTest" time="0"/>
  <testcase name="testImmediateWinner" classname="me.danielmoulton.CardGameTest" time="0.034"/>
  <testcase name="testIsValidPackFileInvalidFilePath" classname="me.danielmoulton.CardGameTest" time="0"/>
  <testcase name="testDealCards" classname="me.danielmoulton.CardGameTest" time="0.002"/>
  <testcase name="testIsValidPackFileNegativeIntegerCard" classname="me.danielmoulton.CardGameTest" time="0.001"/>
  <testcase name="testIsValidPackFileValidFile" classname="me.danielmoulton.CardGameTest" time="0"/>
  <testcase name="testIsValidPackFileNonIntegerCard" classname="me.danielmoulton.CardGameTest" time="0"/>
</testsuite>